<?xml version="1.0" encoding="UTF-8"?>
<testng-results skipped="0" failed="0" ignored="0" total="10" passed="10">
  <reporter-output>
  </reporter-output>
  <suite name="book-flight-module" duration-ms="64685" started-at="2019-11-06T05:22:59 GMT" finished-at="2019-11-06T05:24:03 GMT">
    <groups>
    </groups>
    <test name="book-flight-4" duration-ms="63460" started-at="2019-11-06T05:22:59 GMT" finished-at="2019-11-06T05:24:02 GMT">
      <class name="com.newtours.tests.BookFlightTest">
        <test-method status="PASS" signature="setDriver(org.testng.ITestContext)[pri:0, instance:com.newtours.tests.BookFlightTest@58651fd0]" name="setDriver" is-config="true" duration-ms="41736" started-at="2019-11-06T05:22:59 GMT" finished-at="2019-11-06T05:23:40 GMT">
          <params>
            <param index="0">
              <value>
                <![CDATA[org.testng.TestRunner@589838eb]]>
              </value>
            </param>
          </params>
          <reporter-output>
          </reporter-output>
        </test-method> <!-- setDriver -->
        <test-method status="PASS" signature="setupParameters(java.lang.String, java.lang.String)[pri:0, instance:com.newtours.tests.BookFlightTest@58651fd0]" name="setupParameters" is-config="true" duration-ms="5" started-at="2019-11-06T05:23:40 GMT" depends-on-methods="com.tests.BaseTest.setDriver" finished-at="2019-11-06T05:23:40 GMT">
          <params>
            <param index="0">
              <value>
                <![CDATA[4]]>
              </value>
            </param>
            <param index="1">
              <value>
                <![CDATA[$2338 USD]]>
              </value>
            </param>
          </params>
          <reporter-output>
          </reporter-output>
        </test-method> <!-- setupParameters -->
        <test-method status="PASS" signature="registrationPage()[pri:0, instance:com.newtours.tests.BookFlightTest@58651fd0]" name="registrationPage" duration-ms="5942" started-at="2019-11-06T05:23:40 GMT" finished-at="2019-11-06T05:23:46 GMT">
          <reporter-output>
          </reporter-output>
        </test-method> <!-- registrationPage -->
        <test-method status="PASS" signature="registrationConfirmationPage()[pri:0, instance:com.newtours.tests.BookFlightTest@58651fd0]" name="registrationConfirmationPage" duration-ms="11959" started-at="2019-11-06T05:23:46 GMT" depends-on-methods="com.newtours.tests.BookFlightTest.registrationPage" finished-at="2019-11-06T05:23:58 GMT">
          <reporter-output>
          </reporter-output>
        </test-method> <!-- registrationConfirmationPage -->
        <test-method status="PASS" signature="flightDetailsPage()[pri:0, instance:com.newtours.tests.BookFlightTest@58651fd0]" name="flightDetailsPage" duration-ms="796" started-at="2019-11-06T05:23:58 GMT" depends-on-methods="com.newtours.tests.BookFlightTest.registrationConfirmationPage" finished-at="2019-11-06T05:23:59 GMT">
          <reporter-output>
          </reporter-output>
        </test-method> <!-- flightDetailsPage -->
        <test-method status="PASS" signature="findFlightPage()[pri:0, instance:com.newtours.tests.BookFlightTest@58651fd0]" name="findFlightPage" duration-ms="1027" started-at="2019-11-06T05:23:59 GMT" depends-on-methods="com.newtours.tests.BookFlightTest.flightDetailsPage" finished-at="2019-11-06T05:24:00 GMT">
          <reporter-output>
          </reporter-output>
        </test-method> <!-- findFlightPage -->
        <test-method status="PASS" signature="flightConfirmationPage()[pri:0, instance:com.newtours.tests.BookFlightTest@58651fd0]" name="flightConfirmationPage" duration-ms="896" started-at="2019-11-06T05:24:00 GMT" depends-on-methods="com.newtours.tests.BookFlightTest.findFlightPage" finished-at="2019-11-06T05:24:01 GMT">
          <reporter-output>
          </reporter-output>
        </test-method> <!-- flightConfirmationPage -->
        <test-method status="PASS" signature="quitDriver()[pri:0, instance:com.newtours.tests.BookFlightTest@58651fd0]" name="quitDriver" is-config="true" duration-ms="1092" started-at="2019-11-06T05:24:01 GMT" finished-at="2019-11-06T05:24:02 GMT">
          <reporter-output>
          </reporter-output>
        </test-method> <!-- quitDriver -->
      </class> <!-- com.newtours.tests.BookFlightTest -->
    </test> <!-- book-flight-4 -->
    <test name="book-flight-1" duration-ms="64685" started-at="2019-11-06T05:22:59 GMT" finished-at="2019-11-06T05:24:03 GMT">
      <class name="com.newtours.tests.BookFlightTest">
        <test-method status="PASS" signature="setDriver(org.testng.ITestContext)[pri:0, instance:com.newtours.tests.BookFlightTest@61a485d2]" name="setDriver" is-config="true" duration-ms="40164" started-at="2019-11-06T05:22:59 GMT" finished-at="2019-11-06T05:23:39 GMT">
          <params>
            <param index="0">
              <value>
                <![CDATA[org.testng.TestRunner@553f17c]]>
              </value>
            </param>
          </params>
          <reporter-output>
          </reporter-output>
        </test-method> <!-- setDriver -->
        <test-method status="PASS" signature="setupParameters(java.lang.String, java.lang.String)[pri:0, instance:com.newtours.tests.BookFlightTest@61a485d2]" name="setupParameters" is-config="true" duration-ms="1" started-at="2019-11-06T05:23:39 GMT" depends-on-methods="com.tests.BaseTest.setDriver" finished-at="2019-11-06T05:23:39 GMT">
          <params>
            <param index="0">
              <value>
                <![CDATA[1]]>
              </value>
            </param>
            <param index="1">
              <value>
                <![CDATA[$584 USD]]>
              </value>
            </param>
          </params>
          <reporter-output>
          </reporter-output>
        </test-method> <!-- setupParameters -->
        <test-method status="PASS" signature="registrationPage()[pri:0, instance:com.newtours.tests.BookFlightTest@61a485d2]" name="registrationPage" duration-ms="6184" started-at="2019-11-06T05:23:39 GMT" finished-at="2019-11-06T05:23:45 GMT">
          <reporter-output>
          </reporter-output>
        </test-method> <!-- registrationPage -->
        <test-method status="PASS" signature="registrationConfirmationPage()[pri:0, instance:com.newtours.tests.BookFlightTest@61a485d2]" name="registrationConfirmationPage" duration-ms="13638" started-at="2019-11-06T05:23:45 GMT" depends-on-methods="com.newtours.tests.BookFlightTest.registrationPage" finished-at="2019-11-06T05:23:59 GMT">
          <reporter-output>
          </reporter-output>
        </test-method> <!-- registrationConfirmationPage -->
        <test-method status="PASS" signature="flightDetailsPage()[pri:0, instance:com.newtours.tests.BookFlightTest@61a485d2]" name="flightDetailsPage" duration-ms="643" started-at="2019-11-06T05:23:59 GMT" depends-on-methods="com.newtours.tests.BookFlightTest.registrationConfirmationPage" finished-at="2019-11-06T05:23:59 GMT">
          <reporter-output>
          </reporter-output>
        </test-method> <!-- flightDetailsPage -->
        <test-method status="PASS" signature="findFlightPage()[pri:0, instance:com.newtours.tests.BookFlightTest@61a485d2]" name="findFlightPage" duration-ms="1108" started-at="2019-11-06T05:23:59 GMT" depends-on-methods="com.newtours.tests.BookFlightTest.flightDetailsPage" finished-at="2019-11-06T05:24:00 GMT">
          <reporter-output>
          </reporter-output>
        </test-method> <!-- findFlightPage -->
        <test-method status="PASS" signature="flightConfirmationPage()[pri:0, instance:com.newtours.tests.BookFlightTest@61a485d2]" name="flightConfirmationPage" duration-ms="901" started-at="2019-11-06T05:24:00 GMT" depends-on-methods="com.newtours.tests.BookFlightTest.findFlightPage" finished-at="2019-11-06T05:24:01 GMT">
          <reporter-output>
          </reporter-output>
        </test-method> <!-- flightConfirmationPage -->
        <test-method status="PASS" signature="quitDriver()[pri:0, instance:com.newtours.tests.BookFlightTest@61a485d2]" name="quitDriver" is-config="true" duration-ms="2027" started-at="2019-11-06T05:24:01 GMT" finished-at="2019-11-06T05:24:03 GMT">
          <reporter-output>
          </reporter-output>
        </test-method> <!-- quitDriver -->
      </class> <!-- com.newtours.tests.BookFlightTest -->
    </test> <!-- book-flight-1 -->
  </suite> <!-- book-flight-module -->
</testng-results>
