<?xml version="1.0" encoding="UTF-8"?>
<testng-results skipped="0" failed="0" ignored="0" total="15" passed="15">
  <reporter-output>
  </reporter-output>
  <suite name="book-flight-module" duration-ms="63621" started-at="2019-11-06T05:22:59 GMT" finished-at="2019-11-06T05:24:02 GMT">
    <groups>
    </groups>
    <test name="book-flight-3" duration-ms="35887" started-at="2019-11-06T05:22:59 GMT" finished-at="2019-11-06T05:23:35 GMT">
      <class name="com.newtours.tests.BookFlightTest">
        <test-method status="PASS" signature="setDriver(org.testng.ITestContext)[pri:0, instance:com.newtours.tests.BookFlightTest@6d00a15d]" name="setDriver" is-config="true" duration-ms="3647" started-at="2019-11-06T05:22:59 GMT" finished-at="2019-11-06T05:23:02 GMT">
          <params>
            <param index="0">
              <value>
                <![CDATA[org.testng.TestRunner@42dafa95]]>
              </value>
            </param>
          </params>
          <reporter-output>
          </reporter-output>
        </test-method> <!-- setDriver -->
        <test-method status="PASS" signature="setupParameters(java.lang.String, java.lang.String)[pri:0, instance:com.newtours.tests.BookFlightTest@6d00a15d]" name="setupParameters" is-config="true" duration-ms="5" started-at="2019-11-06T05:23:02 GMT" depends-on-methods="com.tests.BaseTest.setDriver" finished-at="2019-11-06T05:23:02 GMT">
          <params>
            <param index="0">
              <value>
                <![CDATA[3]]>
              </value>
            </param>
            <param index="1">
              <value>
                <![CDATA[$1753 USD]]>
              </value>
            </param>
          </params>
          <reporter-output>
          </reporter-output>
        </test-method> <!-- setupParameters -->
        <test-method status="PASS" signature="registrationPage()[pri:0, instance:com.newtours.tests.BookFlightTest@6d00a15d]" name="registrationPage" duration-ms="28200" started-at="2019-11-06T05:23:02 GMT" finished-at="2019-11-06T05:23:31 GMT">
          <reporter-output>
          </reporter-output>
        </test-method> <!-- registrationPage -->
        <test-method status="PASS" signature="registrationConfirmationPage()[pri:0, instance:com.newtours.tests.BookFlightTest@6d00a15d]" name="registrationConfirmationPage" duration-ms="660" started-at="2019-11-06T05:23:31 GMT" depends-on-methods="com.newtours.tests.BookFlightTest.registrationPage" finished-at="2019-11-06T05:23:31 GMT">
          <reporter-output>
          </reporter-output>
        </test-method> <!-- registrationConfirmationPage -->
        <test-method status="PASS" signature="flightDetailsPage()[pri:0, instance:com.newtours.tests.BookFlightTest@6d00a15d]" name="flightDetailsPage" duration-ms="981" started-at="2019-11-06T05:23:31 GMT" depends-on-methods="com.newtours.tests.BookFlightTest.registrationConfirmationPage" finished-at="2019-11-06T05:23:32 GMT">
          <reporter-output>
          </reporter-output>
        </test-method> <!-- flightDetailsPage -->
        <test-method status="PASS" signature="findFlightPage()[pri:0, instance:com.newtours.tests.BookFlightTest@6d00a15d]" name="findFlightPage" duration-ms="1439" started-at="2019-11-06T05:23:32 GMT" depends-on-methods="com.newtours.tests.BookFlightTest.flightDetailsPage" finished-at="2019-11-06T05:23:34 GMT">
          <reporter-output>
          </reporter-output>
        </test-method> <!-- findFlightPage -->
        <test-method status="PASS" signature="flightConfirmationPage()[pri:0, instance:com.newtours.tests.BookFlightTest@6d00a15d]" name="flightConfirmationPage" duration-ms="765" started-at="2019-11-06T05:23:34 GMT" depends-on-methods="com.newtours.tests.BookFlightTest.findFlightPage" finished-at="2019-11-06T05:23:34 GMT">
          <reporter-output>
          </reporter-output>
        </test-method> <!-- flightConfirmationPage -->
        <test-method status="PASS" signature="quitDriver()[pri:0, instance:com.newtours.tests.BookFlightTest@6d00a15d]" name="quitDriver" is-config="true" duration-ms="64" started-at="2019-11-06T05:23:34 GMT" finished-at="2019-11-06T05:23:35 GMT">
          <reporter-output>
          </reporter-output>
        </test-method> <!-- quitDriver -->
      </class> <!-- com.newtours.tests.BookFlightTest -->
    </test> <!-- book-flight-3 -->
    <test name="book-flight-4" duration-ms="63392" started-at="2019-11-06T05:22:59 GMT" finished-at="2019-11-06T05:24:02 GMT">
      <class name="com.newtours.tests.BookFlightTest">
        <test-method status="PASS" signature="setDriver(org.testng.ITestContext)[pri:0, instance:com.newtours.tests.BookFlightTest@58651fd0]" name="setDriver" is-config="true" duration-ms="37151" started-at="2019-11-06T05:22:59 GMT" finished-at="2019-11-06T05:23:36 GMT">
          <params>
            <param index="0">
              <value>
                <![CDATA[org.testng.TestRunner@271053e1]]>
              </value>
            </param>
          </params>
          <reporter-output>
          </reporter-output>
        </test-method> <!-- setDriver -->
        <test-method status="PASS" signature="setupParameters(java.lang.String, java.lang.String)[pri:0, instance:com.newtours.tests.BookFlightTest@58651fd0]" name="setupParameters" is-config="true" duration-ms="0" started-at="2019-11-06T05:23:36 GMT" depends-on-methods="com.tests.BaseTest.setDriver" finished-at="2019-11-06T05:23:36 GMT">
          <params>
            <param index="0">
              <value>
                <![CDATA[4]]>
              </value>
            </param>
            <param index="1">
              <value>
                <![CDATA[$2338 USD]]>
              </value>
            </param>
          </params>
          <reporter-output>
          </reporter-output>
        </test-method> <!-- setupParameters -->
        <test-method status="PASS" signature="registrationPage()[pri:0, instance:com.newtours.tests.BookFlightTest@58651fd0]" name="registrationPage" duration-ms="22012" started-at="2019-11-06T05:23:36 GMT" finished-at="2019-11-06T05:23:58 GMT">
          <reporter-output>
          </reporter-output>
        </test-method> <!-- registrationPage -->
        <test-method status="PASS" signature="registrationConfirmationPage()[pri:0, instance:com.newtours.tests.BookFlightTest@58651fd0]" name="registrationConfirmationPage" duration-ms="588" started-at="2019-11-06T05:23:58 GMT" depends-on-methods="com.newtours.tests.BookFlightTest.registrationPage" finished-at="2019-11-06T05:23:58 GMT">
          <reporter-output>
          </reporter-output>
        </test-method> <!-- registrationConfirmationPage -->
        <test-method status="PASS" signature="flightDetailsPage()[pri:0, instance:com.newtours.tests.BookFlightTest@58651fd0]" name="flightDetailsPage" duration-ms="986" started-at="2019-11-06T05:23:58 GMT" depends-on-methods="com.newtours.tests.BookFlightTest.registrationConfirmationPage" finished-at="2019-11-06T05:23:59 GMT">
          <reporter-output>
          </reporter-output>
        </test-method> <!-- flightDetailsPage -->
        <test-method status="PASS" signature="findFlightPage()[pri:0, instance:com.newtours.tests.BookFlightTest@58651fd0]" name="findFlightPage" duration-ms="1591" started-at="2019-11-06T05:23:59 GMT" depends-on-methods="com.newtours.tests.BookFlightTest.flightDetailsPage" finished-at="2019-11-06T05:24:01 GMT">
          <reporter-output>
          </reporter-output>
        </test-method> <!-- findFlightPage -->
        <test-method status="PASS" signature="flightConfirmationPage()[pri:0, instance:com.newtours.tests.BookFlightTest@58651fd0]" name="flightConfirmationPage" duration-ms="984" started-at="2019-11-06T05:24:01 GMT" depends-on-methods="com.newtours.tests.BookFlightTest.findFlightPage" finished-at="2019-11-06T05:24:02 GMT">
          <reporter-output>
          </reporter-output>
        </test-method> <!-- flightConfirmationPage -->
        <test-method status="PASS" signature="quitDriver()[pri:0, instance:com.newtours.tests.BookFlightTest@58651fd0]" name="quitDriver" is-config="true" duration-ms="65" started-at="2019-11-06T05:24:02 GMT" finished-at="2019-11-06T05:24:02 GMT">
          <reporter-output>
          </reporter-output>
        </test-method> <!-- quitDriver -->
      </class> <!-- com.newtours.tests.BookFlightTest -->
    </test> <!-- book-flight-4 -->
    <test name="book-flight-1" duration-ms="63621" started-at="2019-11-06T05:22:59 GMT" finished-at="2019-11-06T05:24:02 GMT">
      <class name="com.newtours.tests.BookFlightTest">
        <test-method status="PASS" signature="setDriver(org.testng.ITestContext)[pri:0, instance:com.newtours.tests.BookFlightTest@61a485d2]" name="setDriver" is-config="true" duration-ms="37187" started-at="2019-11-06T05:22:59 GMT" finished-at="2019-11-06T05:23:36 GMT">
          <params>
            <param index="0">
              <value>
                <![CDATA[org.testng.TestRunner@589838eb]]>
              </value>
            </param>
          </params>
          <reporter-output>
          </reporter-output>
        </test-method> <!-- setDriver -->
        <test-method status="PASS" signature="setupParameters(java.lang.String, java.lang.String)[pri:0, instance:com.newtours.tests.BookFlightTest@61a485d2]" name="setupParameters" is-config="true" duration-ms="1" started-at="2019-11-06T05:23:36 GMT" depends-on-methods="com.tests.BaseTest.setDriver" finished-at="2019-11-06T05:23:36 GMT">
          <params>
            <param index="0">
              <value>
                <![CDATA[1]]>
              </value>
            </param>
            <param index="1">
              <value>
                <![CDATA[$584 USD]]>
              </value>
            </param>
          </params>
          <reporter-output>
          </reporter-output>
        </test-method> <!-- setupParameters -->
        <test-method status="PASS" signature="registrationPage()[pri:0, instance:com.newtours.tests.BookFlightTest@61a485d2]" name="registrationPage" duration-ms="21989" started-at="2019-11-06T05:23:36 GMT" finished-at="2019-11-06T05:23:58 GMT">
          <reporter-output>
          </reporter-output>
        </test-method> <!-- registrationPage -->
        <test-method status="PASS" signature="registrationConfirmationPage()[pri:0, instance:com.newtours.tests.BookFlightTest@61a485d2]" name="registrationConfirmationPage" duration-ms="563" started-at="2019-11-06T05:23:58 GMT" depends-on-methods="com.newtours.tests.BookFlightTest.registrationPage" finished-at="2019-11-06T05:23:58 GMT">
          <reporter-output>
          </reporter-output>
        </test-method> <!-- registrationConfirmationPage -->
        <test-method status="PASS" signature="flightDetailsPage()[pri:0, instance:com.newtours.tests.BookFlightTest@61a485d2]" name="flightDetailsPage" duration-ms="859" started-at="2019-11-06T05:23:58 GMT" depends-on-methods="com.newtours.tests.BookFlightTest.registrationConfirmationPage" finished-at="2019-11-06T05:23:59 GMT">
          <reporter-output>
          </reporter-output>
        </test-method> <!-- flightDetailsPage -->
        <test-method status="PASS" signature="findFlightPage()[pri:0, instance:com.newtours.tests.BookFlightTest@61a485d2]" name="findFlightPage" duration-ms="2121" started-at="2019-11-06T05:23:59 GMT" depends-on-methods="com.newtours.tests.BookFlightTest.flightDetailsPage" finished-at="2019-11-06T05:24:01 GMT">
          <reporter-output>
          </reporter-output>
        </test-method> <!-- findFlightPage -->
        <test-method status="PASS" signature="flightConfirmationPage()[pri:0, instance:com.newtours.tests.BookFlightTest@61a485d2]" name="flightConfirmationPage" duration-ms="795" started-at="2019-11-06T05:24:01 GMT" depends-on-methods="com.newtours.tests.BookFlightTest.findFlightPage" finished-at="2019-11-06T05:24:02 GMT">
          <reporter-output>
          </reporter-output>
        </test-method> <!-- flightConfirmationPage -->
        <test-method status="PASS" signature="quitDriver()[pri:0, instance:com.newtours.tests.BookFlightTest@61a485d2]" name="quitDriver" is-config="true" duration-ms="84" started-at="2019-11-06T05:24:02 GMT" finished-at="2019-11-06T05:24:02 GMT">
          <reporter-output>
          </reporter-output>
        </test-method> <!-- quitDriver -->
      </class> <!-- com.newtours.tests.BookFlightTest -->
    </test> <!-- book-flight-1 -->
  </suite> <!-- book-flight-module -->
</testng-results>
